#
# There is insufficient memory for the Java Runtime Environment to continue.
# Native memory allocation (malloc) failed to allocate 422944 bytes. Error detail: Chunk::new
# Possible reasons:
#   The system is out of physical RAM or swap space
#   This process is running with CompressedOops enabled, and the Java Heap may be blocking the growth of the native heap
# Possible solutions:
#   Reduce memory load on the system
#   Increase physical memory or swap space
#   Check if swap backing store is full
#   Decrease Java heap size (-Xmx/-Xms)
#   Decrease number of Java threads
#   Decrease Java thread stack sizes (-Xss)
#   Set larger code cache with -XX:ReservedCodeCacheSize=
#   JVM is running with Unscaled Compressed Oops mode in which the Java heap is
#     placed in the first 4GB address space. The Java Heap base address is the
#     maximum limit for the native heap growth. Please use -XX:HeapBaseMinAddress
#     to set the Java Heap base and to place the Java Heap above 4GB virtual address.
# This output file may be truncated or incomplete.
#
#  Out of Memory Error (arena.cpp:191), pid=692, tid=16072
#
# JRE version: OpenJDK Runtime Environment Temurin-17.0.12+7 (17.0.12+7) (build 17.0.12+7)
# Java VM: OpenJDK 64-Bit Server VM Temurin-17.0.12+7 (17.0.12+7, mixed mode, tiered, compressed oops, compressed class ptrs, parallel gc, windows-amd64)
# No core dump will be written. Minidumps are not enabled by default on client versions of Windows
#

---------------  S U M M A R Y ------------

Command Line: --add-modules=ALL-SYSTEM --add-opens=java.base/java.util=ALL-UNNAMED --add-opens=java.base/java.lang=ALL-UNNAMED --add-opens=java.base/sun.nio.fs=ALL-UNNAMED -Declipse.application=org.eclipse.jdt.ls.core.id1 -Dosgi.bundles.defaultStartLevel=4 -Declipse.product=org.eclipse.jdt.ls.core.product -Djava.import.generatesMetadataFilesAtProjectRoot=false -DDetectVMInstallationsJob.disabled=true -Dfile.encoding=utf8 -XX:+UseParallelGC -XX:GCTimeRatio=4 -XX:AdaptiveSizePolicyWeight=90 -Dsun.zip.disableMemoryMapping=true -Xmx1G -Xms100m -Xlog:disable -javaagent:c:\Users\User\.vscode\extensions\redhat.java-1.35.1-win32-x64\lombok\lombok-1.18.33.jar c:\Users\User\.vscode\extensions\redhat.java-1.35.1-win32-x64\server\plugins\org.eclipse.equinox.launcher_1.6.900.v20240613-2009.jar -configuration c:\Users\User\AppData\Roaming\Code\User\globalStorage\redhat.java\1.35.1\config_ss_win -data c:\Users\User\AppData\Roaming\Code\User\workspaceStorage\fe70defd07cba4effc7476f615544032\redhat.java\ss_ws --pipe=\\.\pipe\lsp-6ac2634ec96a97c83157bce101556126-sock

Host: Intel(R) Core(TM) i5-4300U CPU @ 1.90GHz, 4 cores, 3G,  Windows 10 , 64 bit Build 19041 (10.0.19041.3636)
Time: Fri Oct 11 16:38:16 2024 SE Asia Standard Time elapsed time: 2.139792 seconds (0d 0h 0m 2s)

---------------  T H R E A D  ---------------

Current thread (0x0000026c7f22b260):  JavaThread "C2 CompilerThread0" daemon [_thread_in_native, id=16072, stack(0x000000cfce400000,0x000000cfce500000)]


Current CompileTask:
C2:   2139 1094       4       jdk.internal.jimage.ImageLocation::verify (218 bytes)

Stack: [0x000000cfce400000,0x000000cfce500000]
Native frames: (J=compiled Java code, j=interpreted, Vv=VM code, C=native code)
V  [jvm.dll+0x67f929]
V  [jvm.dll+0x8371ba]
V  [jvm.dll+0x838c7e]
V  [jvm.dll+0x8392e3]
V  [jvm.dll+0x24834f]
V  [jvm.dll+0xac9d4]
V  [jvm.dll+0xad01c]
V  [jvm.dll+0x3674a7]
V  [jvm.dll+0x33197a]
V  [jvm.dll+0x330e1a]
V  [jvm.dll+0x21a8b1]
V  [jvm.dll+0x219cf1]
V  [jvm.dll+0x1a58bd]
V  [jvm.dll+0x229a2d]
V  [jvm.dll+0x227bdc]
V  [jvm.dll+0x7ec1f7]
V  [jvm.dll+0x7e65dc]
V  [jvm.dll+0x67e7f7]
C  [ucrtbase.dll+0x21bb2]
C  [KERNEL32.DLL+0x17344]
C  [ntdll.dll+0x526b1]


---------------  P R O C E S S  ---------------

Threads class SMR info:
_java_thread_list=0x0000026c19064330, length=12, elements={
0x0000026c7ef98be0, 0x0000026c7f1f5750, 0x0000026c7f1f7fe0, 0x0000026c7f224030,
0x0000026c7f224dc0, 0x0000026c7f227d70, 0x0000026c7f22a660, 0x0000026c7f22b260,
0x0000026c7f22f850, 0x0000026c7f248130, 0x0000026c18e85ff0, 0x0000026c19069490
}

Java Threads: ( => current thread )
  0x0000026c7ef98be0 JavaThread "main" [_thread_in_Java, id=17176, stack(0x000000cfcdb00000,0x000000cfcdc00000)]
  0x0000026c7f1f5750 JavaThread "Reference Handler" daemon [_thread_blocked, id=13328, stack(0x000000cfcde00000,0x000000cfcdf00000)]
  0x0000026c7f1f7fe0 JavaThread "Finalizer" daemon [_thread_blocked, id=24620, stack(0x000000cfcdf00000,0x000000cfce000000)]
  0x0000026c7f224030 JavaThread "Signal Dispatcher" daemon [_thread_blocked, id=24212, stack(0x000000cfce000000,0x000000cfce100000)]
  0x0000026c7f224dc0 JavaThread "Attach Listener" daemon [_thread_blocked, id=18284, stack(0x000000cfce100000,0x000000cfce200000)]
  0x0000026c7f227d70 JavaThread "Service Thread" daemon [_thread_blocked, id=24924, stack(0x000000cfce200000,0x000000cfce300000)]
  0x0000026c7f22a660 JavaThread "Monitor Deflation Thread" daemon [_thread_blocked, id=8084, stack(0x000000cfce300000,0x000000cfce400000)]
=>0x0000026c7f22b260 JavaThread "C2 CompilerThread0" daemon [_thread_in_native, id=16072, stack(0x000000cfce400000,0x000000cfce500000)]
  0x0000026c7f22f850 JavaThread "C1 CompilerThread0" daemon [_thread_blocked, id=19804, stack(0x000000cfce500000,0x000000cfce600000)]
  0x0000026c7f248130 JavaThread "Sweeper thread" daemon [_thread_blocked, id=23064, stack(0x000000cfce600000,0x000000cfce700000)]
  0x0000026c18e85ff0 JavaThread "Common-Cleaner" daemon [_thread_blocked, id=1124, stack(0x000000cfce700000,0x000000cfce800000)]
  0x0000026c19069490 JavaThread "Notification Thread" daemon [_thread_blocked, id=2764, stack(0x000000cfce800000,0x000000cfce900000)]

Other Threads:
  0x0000026c7f1e0750 VMThread "VM Thread" [stack: 0x000000cfcdd00000,0x000000cfcde00000] [id=23988]
  0x0000026c19069970 WatcherThread [stack: 0x000000cfce900000,0x000000cfcea00000] [id=5516]
  0x0000026c7efadf60 GCTaskThread "GC Thread#0" [stack: 0x000000cfcdc00000,0x000000cfcdd00000] [id=15504]
  0x0000026c194cf770 GCTaskThread "GC Thread#1" [stack: 0x000000cfcea00000,0x000000cfceb00000] [id=17048]
  0x0000026c194cfe40 GCTaskThread "GC Thread#2" [stack: 0x000000cfceb00000,0x000000cfcec00000] [id=17968]
  0x0000026c1976fd90 GCTaskThread "GC Thread#3" [stack: 0x000000cfcec00000,0x000000cfced00000] [id=16560]

Threads with active compile tasks:
C2 CompilerThread0     2204 1094       4       jdk.internal.jimage.ImageLocation::verify (218 bytes)

VM state: not at safepoint (normal execution)

VM Mutex/Monitor currently owned by a thread: None

Heap address: 0x00000000c0000000, size: 1024 MB, Compressed Oops mode: 32-bit

CDS archive(s) not mapped
Compressed class space mapped at: 0x0000000100000000-0x0000000140000000, reserved size: 1073741824
Narrow klass base: 0x0000000000000000, Narrow klass shift: 3, Narrow klass range: 0x140000000

GC Precious Log:
 CPUs: 4 total, 4 available
 Memory: 3993M
 Large Page Support: Disabled
 NUMA Support: Disabled
 Compressed Oops: Enabled (32-bit)
 Alignments: Space 512K, Generation 512K, Heap 2M
 Heap Min Capacity: 100M
 Heap Initial Capacity: 100M
 Heap Max Capacity: 1G
 Pre-touch: Disabled
 Parallel Workers: 4

Heap:
 PSYoungGen      total 29696K, used 13121K [0x00000000eab00000, 0x00000000ecc00000, 0x0000000100000000)
  eden space 25600K, 38% used [0x00000000eab00000,0x00000000eb4bb3b8,0x00000000ec400000)
  from space 4096K, 77% used [0x00000000ec400000,0x00000000ec715350,0x00000000ec800000)
  to   space 4096K, 0% used [0x00000000ec800000,0x00000000ec800000,0x00000000ecc00000)
 ParOldGen       total 68608K, used 0K [0x00000000c0000000, 0x00000000c4300000, 0x00000000eab00000)
  object space 68608K, 0% used [0x00000000c0000000,0x00000000c0000000,0x00000000c4300000)
 Metaspace       used 12414K, committed 12544K, reserved 1114112K
  class space    used 1219K, committed 1280K, reserved 1048576K

Card table byte_map: [0x0000026c7e940000,0x0000026c7eb50000] _byte_map_base: 0x0000026c7e340000

Marking Bits: (ParMarkBitMap*) 0x00007ff88f5e58b0
 Begin Bits: [0x0000026c11be0000, 0x0000026c12be0000)
 End Bits:   [0x0000026c12be0000, 0x0000026c13be0000)

Polling page: 0x0000026c7ce70000

Metaspace:

Usage:
  Non-class:     10.93 MB used.
      Class:      1.19 MB used.
       Both:     12.12 MB used.

Virtual space:
  Non-class space:       64.00 MB reserved,      11.00 MB ( 17%) committed,  1 nodes.
      Class space:        1.00 GB reserved,       1.25 MB ( <1%) committed,  1 nodes.
             Both:        1.06 GB reserved,      12.25 MB (  1%) committed. 

Chunk freelists:
   Non-Class:  4.22 MB
       Class:  14.59 MB
        Both:  18.81 MB

MaxMetaspaceSize: unlimited
CompressedClassSpaceSize: 1.00 GB
Initial GC threshold: 21.00 MB
Current GC threshold: 21.00 MB
CDS: off
MetaspaceReclaimPolicy: balanced
 - commit_granule_bytes: 65536.
 - commit_granule_words: 8192.
 - virtual_space_node_default_size: 8388608.
 - enlarge_chunks_in_place: 1.
 - new_chunks_are_fully_committed: 0.
 - uncommit_free_chunks: 1.
 - use_allocation_guard: 0.
 - handle_deallocations: 1.


Internal statistics:

num_allocs_failed_limit: 0.
num_arena_births: 30.
num_arena_deaths: 0.
num_vsnodes_births: 2.
num_vsnodes_deaths: 0.
num_space_committed: 196.
num_space_uncommitted: 0.
num_chunks_returned_to_freelist: 0.
num_chunks_taken_from_freelist: 142.
num_chunk_merges: 0.
num_chunk_splits: 99.
num_chunks_enlarged: 88.
num_inconsistent_stats: 0.

CodeHeap 'non-profiled nmethods': size=120000Kb used=433Kb max_used=433Kb free=119566Kb
 bounds [0x0000026c0a6b0000, 0x0000026c0a920000, 0x0000026c11be0000]
CodeHeap 'profiled nmethods': size=120000Kb used=2123Kb max_used=2123Kb free=117876Kb
 bounds [0x0000026c02be0000, 0x0000026c02e50000, 0x0000026c0a110000]
CodeHeap 'non-nmethods': size=5760Kb used=1147Kb max_used=1168Kb free=4612Kb
 bounds [0x0000026c0a110000, 0x0000026c0a380000, 0x0000026c0a6b0000]
 total_blobs=1595 nmethods=1157 adapters=353
 compilation: enabled
              stopped_count=0, restarted_count=0
 full_count=0

Compilation events (20 events):
Event: 2.111 Thread 0x0000026c7f22f850 1115       3       org.lombokweb.asm.SymbolTable$Entry::<init> (20 bytes)
Event: 2.112 Thread 0x0000026c7f22f850 nmethod 1115 0x0000026c02dd7890 code [0x0000026c02dd7a20, 0x0000026c02dd7b68]
Event: 2.112 Thread 0x0000026c7f22f850 1116       3       org.lombokweb.asm.SymbolTable::hash (15 bytes)
Event: 2.112 Thread 0x0000026c7f22f850 nmethod 1116 0x0000026c02dd7c10 code [0x0000026c02dd7dc0, 0x0000026c02dd7f58]
Event: 2.112 Thread 0x0000026c7f22f850 1117       3       org.lombokweb.asm.SymbolTable::addConstantMemberReference (29 bytes)
Event: 2.112 Thread 0x0000026c7f22f850 nmethod 1117 0x0000026c02dd8090 code [0x0000026c02dd8280, 0x0000026c02dd8628]
Event: 2.112 Thread 0x0000026c7f22f850 1118       3       org.lombokweb.asm.SymbolTable$Entry::<init> (18 bytes)
Event: 2.112 Thread 0x0000026c7f22f850 nmethod 1118 0x0000026c02dd8910 code [0x0000026c02dd8ac0, 0x0000026c02dd8c48]
Event: 2.112 Thread 0x0000026c7f22f850 1120       3       org.lombokweb.asm.SymbolTable::addConstantNameAndType (28 bytes)
Event: 2.113 Thread 0x0000026c7f22f850 nmethod 1120 0x0000026c02dd8d10 code [0x0000026c02dd8ee0, 0x0000026c02dd9218]
Event: 2.113 Thread 0x0000026c7f22f850 1121       3       org.lombokweb.asm.SymbolTable::addConstantUtf8Reference (20 bytes)
Event: 2.114 Thread 0x0000026c7f22f850 nmethod 1121 0x0000026c02dd9410 code [0x0000026c02dd95e0, 0x0000026c02dd98a8]
Event: 2.114 Thread 0x0000026c7f22f850 1122       3       org.lombokweb.asm.ClassReader::readInt (52 bytes)
Event: 2.114 Thread 0x0000026c7f22f850 nmethod 1122 0x0000026c02dd9a90 code [0x0000026c02dd9c20, 0x0000026c02dd9df8]
Event: 2.114 Thread 0x0000026c7f22f850 1123       1       org.lombokweb.asm.MethodWriter::hasAsmInstructions (5 bytes)
Event: 2.114 Thread 0x0000026c7f22f850 nmethod 1123 0x0000026c0a71bd90 code [0x0000026c0a71bf20, 0x0000026c0a71bff8]
Event: 2.114 Thread 0x0000026c7f22f850 1124       3       lombok.patcher.PatchScript::classMatches (41 bytes)
Event: 2.115 Thread 0x0000026c7f22f850 nmethod 1124 0x0000026c02dd9f10 code [0x0000026c02dda120, 0x0000026c02dda768]
Event: 2.117 Thread 0x0000026c7f22f850 1126       3       lombok.patcher.scripts.MethodLevelPatchScript::patch (21 bytes)
Event: 2.118 Thread 0x0000026c7f22f850 nmethod 1126 0x0000026c02dda990 code [0x0000026c02ddab40, 0x0000026c02ddadb8]

GC Heap History (2 events):
Event: 1.592 GC heap before
{Heap before GC invocations=1 (full 0):
 PSYoungGen      total 29696K, used 25600K [0x00000000eab00000, 0x00000000ecc00000, 0x0000000100000000)
  eden space 25600K, 100% used [0x00000000eab00000,0x00000000ec400000,0x00000000ec400000)
  from space 4096K, 0% used [0x00000000ec800000,0x00000000ec800000,0x00000000ecc00000)
  to   space 4096K, 0% used [0x00000000ec400000,0x00000000ec400000,0x00000000ec800000)
 ParOldGen       total 68608K, used 0K [0x00000000c0000000, 0x00000000c4300000, 0x00000000eab00000)
  object space 68608K, 0% used [0x00000000c0000000,0x00000000c0000000,0x00000000c4300000)
 Metaspace       used 10958K, committed 11136K, reserved 1114112K
  class space    used 1090K, committed 1216K, reserved 1048576K
}
Event: 1.613 GC heap after
{Heap after GC invocations=1 (full 0):
 PSYoungGen      total 29696K, used 3156K [0x00000000eab00000, 0x00000000ecc00000, 0x0000000100000000)
  eden space 25600K, 0% used [0x00000000eab00000,0x00000000eab00000,0x00000000ec400000)
  from space 4096K, 77% used [0x00000000ec400000,0x00000000ec715350,0x00000000ec800000)
  to   space 4096K, 0% used [0x00000000ec800000,0x00000000ec800000,0x00000000ecc00000)
 ParOldGen       total 68608K, used 0K [0x00000000c0000000, 0x00000000c4300000, 0x00000000eab00000)
  object space 68608K, 0% used [0x00000000c0000000,0x00000000c0000000,0x00000000c4300000)
 Metaspace       used 10958K, committed 11136K, reserved 1114112K
  class space    used 1090K, committed 1216K, reserved 1048576K
}

Dll operation events (8 events):
Event: 0.012 Loaded shared library c:\Users\User\.vscode\extensions\redhat.java-1.35.1-win32-x64\jre\17.0.12-win32-x86_64\bin\java.dll
Event: 0.251 Loaded shared library c:\Users\User\.vscode\extensions\redhat.java-1.35.1-win32-x64\jre\17.0.12-win32-x86_64\bin\zip.dll
Event: 0.256 Loaded shared library C:\Users\User\.vscode\extensions\redhat.java-1.35.1-win32-x64\jre\17.0.12-win32-x86_64\bin\instrument.dll
Event: 0.275 Loaded shared library C:\Users\User\.vscode\extensions\redhat.java-1.35.1-win32-x64\jre\17.0.12-win32-x86_64\bin\net.dll
Event: 0.280 Loaded shared library C:\Users\User\.vscode\extensions\redhat.java-1.35.1-win32-x64\jre\17.0.12-win32-x86_64\bin\nio.dll
Event: 0.292 Loaded shared library C:\Users\User\.vscode\extensions\redhat.java-1.35.1-win32-x64\jre\17.0.12-win32-x86_64\bin\zip.dll
Event: 0.320 Loaded shared library C:\Users\User\.vscode\extensions\redhat.java-1.35.1-win32-x64\jre\17.0.12-win32-x86_64\bin\jimage.dll
Event: 0.445 Loaded shared library c:\Users\User\.vscode\extensions\redhat.java-1.35.1-win32-x64\jre\17.0.12-win32-x86_64\bin\verify.dll

Deoptimization events (20 events):
Event: 1.890 Thread 0x0000026c7ef98be0 DEOPT PACKING pc=0x0000026c02c53245 sp=0x000000cfcdbf79b0
Event: 1.890 Thread 0x0000026c7ef98be0 DEOPT UNPACKING pc=0x0000026c0a166e43 sp=0x000000cfcdbf6e60 mode 0
Event: 1.923 Thread 0x0000026c7ef98be0 DEOPT PACKING pc=0x0000026c02c53245 sp=0x000000cfcdbf3d90
Event: 1.923 Thread 0x0000026c7ef98be0 DEOPT UNPACKING pc=0x0000026c0a166e43 sp=0x000000cfcdbf3240 mode 0
Event: 1.928 Thread 0x0000026c7ef98be0 DEOPT PACKING pc=0x0000026c02c53245 sp=0x000000cfcdbf3d90
Event: 1.928 Thread 0x0000026c7ef98be0 DEOPT UNPACKING pc=0x0000026c0a166e43 sp=0x000000cfcdbf3240 mode 0
Event: 1.931 Thread 0x0000026c7ef98be0 DEOPT PACKING pc=0x0000026c02c53245 sp=0x000000cfcdbf3d90
Event: 1.931 Thread 0x0000026c7ef98be0 DEOPT UNPACKING pc=0x0000026c0a166e43 sp=0x000000cfcdbf3240 mode 0
Event: 1.972 Thread 0x0000026c7ef98be0 DEOPT PACKING pc=0x0000026c02c53245 sp=0x000000cfcdbf78c0
Event: 1.972 Thread 0x0000026c7ef98be0 DEOPT UNPACKING pc=0x0000026c0a166e43 sp=0x000000cfcdbf6d70 mode 0
Event: 2.021 Thread 0x0000026c7ef98be0 DEOPT PACKING pc=0x0000026c02c53245 sp=0x000000cfcdbf3a20
Event: 2.021 Thread 0x0000026c7ef98be0 DEOPT UNPACKING pc=0x0000026c0a166e43 sp=0x000000cfcdbf2ed0 mode 0
Event: 2.042 Thread 0x0000026c7ef98be0 Uncommon trap: trap_request=0xffffffc6 fr.pc=0x0000026c0a6df21c relative=0x000000000000027c
Event: 2.042 Thread 0x0000026c7ef98be0 Uncommon trap: reason=bimorphic_or_optimized_type_check action=maybe_recompile pc=0x0000026c0a6df21c method=java.util.Collections$UnmodifiableCollection$1.next()Ljava/lang/Object; @ 4 c2
Event: 2.042 Thread 0x0000026c7ef98be0 DEOPT PACKING pc=0x0000026c0a6df21c sp=0x000000cfcdbf7fb0
Event: 2.042 Thread 0x0000026c7ef98be0 DEOPT UNPACKING pc=0x0000026c0a1666a3 sp=0x000000cfcdbf7f60 mode 2
Event: 2.042 Thread 0x0000026c7ef98be0 Uncommon trap: trap_request=0xffffffc6 fr.pc=0x0000026c0a6df21c relative=0x000000000000027c
Event: 2.042 Thread 0x0000026c7ef98be0 Uncommon trap: reason=bimorphic_or_optimized_type_check action=maybe_recompile pc=0x0000026c0a6df21c method=java.util.Collections$UnmodifiableCollection$1.next()Ljava/lang/Object; @ 4 c2
Event: 2.042 Thread 0x0000026c7ef98be0 DEOPT PACKING pc=0x0000026c0a6df21c sp=0x000000cfcdbf7fb0
Event: 2.042 Thread 0x0000026c7ef98be0 DEOPT UNPACKING pc=0x0000026c0a1666a3 sp=0x000000cfcdbf7f60 mode 2

Classes loaded (20 events):
Event: 1.780 Loading class java/util/concurrent/Semaphore$NonfairSync
Event: 1.780 Loading class java/util/concurrent/Semaphore$Sync
Event: 1.781 Loading class java/util/concurrent/Semaphore$Sync done
Event: 1.781 Loading class java/util/concurrent/Semaphore$NonfairSync done
Event: 1.854 Loading class java/security/InvalidKeyException
Event: 1.858 Loading class java/security/KeyException
Event: 1.858 Loading class java/security/GeneralSecurityException
Event: 1.858 Loading class java/security/GeneralSecurityException done
Event: 1.858 Loading class java/security/KeyException done
Event: 1.858 Loading class java/security/InvalidKeyException done
Event: 1.858 Loading class java/security/SignatureException
Event: 1.858 Loading class java/security/SignatureException done
Event: 1.858 Loading class java/security/cert/CertificateException
Event: 1.858 Loading class java/security/cert/CertificateException done
Event: 1.858 Loading class java/security/NoSuchAlgorithmException
Event: 1.858 Loading class java/security/NoSuchAlgorithmException done
Event: 1.858 Loading class java/security/NoSuchProviderException
Event: 1.858 Loading class java/security/NoSuchProviderException done
Event: 1.938 Loading class java/lang/TypeNotPresentException
Event: 1.938 Loading class java/lang/TypeNotPresentException done

Classes unloaded (0 events):
No events

Classes redefined (0 events):
No events

Internal exceptions (20 events):
Event: 1.030 Thread 0x0000026c7ef98be0 Exception <a 'java/io/FileNotFoundException'{0x00000000eb893b90}> (0x00000000eb893b90) 
thrown [s\src\hotspot\share\prims\jni.cpp, line 516]
Event: 1.031 Thread 0x0000026c7ef98be0 Exception <a 'java/io/FileNotFoundException'{0x00000000eb894880}> (0x00000000eb894880) 
thrown [s\src\hotspot\share\prims\jni.cpp, line 516]
Event: 1.031 Thread 0x0000026c7ef98be0 Exception <a 'java/io/FileNotFoundException'{0x00000000eb895540}> (0x00000000eb895540) 
thrown [s\src\hotspot\share\prims\jni.cpp, line 516]
Event: 1.044 Thread 0x0000026c7ef98be0 Implicit null exception at 0x0000026c0a6d3d72 to 0x0000026c0a6d4298
Event: 1.044 Thread 0x0000026c7ef98be0 Implicit null exception at 0x0000026c0a6d48f2 to 0x0000026c0a6d4e28
Event: 1.057 Thread 0x0000026c7ef98be0 Exception <a 'java/io/FileNotFoundException'{0x00000000eb8cfe18}> (0x00000000eb8cfe18) 
thrown [s\src\hotspot\share\prims\jni.cpp, line 516]
Event: 1.426 Thread 0x0000026c7ef98be0 Exception <a 'java/lang/ClassNotFoundException'{0x00000000ec0fdcf8}: sun/net/www/protocol/c/Handler> (0x00000000ec0fdcf8) 
thrown [s\src\hotspot\share\classfile\systemDictionary.cpp, line 256]
Event: 1.426 Thread 0x0000026c7ef98be0 Exception <a 'java/lang/ClassNotFoundException'{0x00000000ec0ff0c8}: sun/net/www/protocol/c/Handler> (0x00000000ec0ff0c8) 
thrown [s\src\hotspot\share\classfile\systemDictionary.cpp, line 256]
Event: 1.427 Thread 0x0000026c7ef98be0 Exception <a 'java/lang/ClassNotFoundException'{0x00000000ec100330}: sun/net/www/protocol/c/Handler> (0x00000000ec100330) 
thrown [s\src\hotspot\share\classfile\systemDictionary.cpp, line 256]
Event: 1.441 Thread 0x0000026c7ef98be0 Exception <a 'java/io/FileNotFoundException'{0x00000000ec123a80}> (0x00000000ec123a80) 
thrown [s\src\hotspot\share\prims\jni.cpp, line 516]
Event: 1.505 Thread 0x0000026c7ef98be0 Implicit null exception at 0x0000026c0a6f398e to 0x0000026c0a6f3bc4
Event: 1.505 Thread 0x0000026c7ef98be0 Implicit null exception at 0x0000026c0a6f318e to 0x0000026c0a6f33d8
Event: 1.505 Thread 0x0000026c7ef98be0 Implicit null exception at 0x0000026c0a6ef68f to 0x0000026c0a6ef705
Event: 1.616 Thread 0x0000026c7ef98be0 Exception <a 'java/lang/NoSuchMethodError'{0x00000000eab063c0}: 'int java.lang.invoke.DirectMethodHandle$Holder.invokeStaticInit(java.lang.Object, java.lang.Object, java.lang.Object, java.lang.Object)'> (0x00000000eab063c0) 
thrown [s\src\hotspot\share\interpreter\linkResolver.cpp, line 759]
Event: 1.619 Thread 0x0000026c7ef98be0 Exception <a 'java/lang/NoSuchMethodError'{0x00000000eab10b28}: 'java.lang.Object java.lang.invoke.DirectMethodHandle$Holder.invokeInterface(java.lang.Object, java.lang.Object)'> (0x00000000eab10b28) 
thrown [s\src\hotspot\share\interpreter\linkResolver.cpp, line 759]
Event: 1.620 Thread 0x0000026c7ef98be0 Exception <a 'java/lang/IncompatibleClassChangeError'{0x00000000eab14320}: Found class java.lang.Object, but interface was expected> (0x00000000eab14320) 
thrown [s\src\hotspot\share\interpreter\linkResolver.cpp, line 826]
Event: 1.621 Thread 0x0000026c7ef98be0 Exception <a 'java/lang/NoSuchMethodError'{0x00000000eab18800}: 'void java.lang.invoke.DirectMethodHandle$Holder.invokeStatic(java.lang.Object, java.lang.Object)'> (0x00000000eab18800) 
thrown [s\src\hotspot\share\interpreter\linkResolver.cpp, line 759]
Event: 1.622 Thread 0x0000026c7ef98be0 Exception <a 'java/lang/NoSuchMethodError'{0x00000000eab1c000}: 'void java.lang.invoke.DirectMethodHandle$Holder.invokeStaticInit(java.lang.Object, java.lang.Object)'> (0x00000000eab1c000) 
thrown [s\src\hotspot\share\interpreter\linkResolver.cpp, line 759]
Event: 1.623 Thread 0x0000026c7ef98be0 Exception <a 'java/lang/NoSuchMethodError'{0x00000000eab23720}: 'int java.lang.invoke.DirectMethodHandle$Holder.invokeStaticInit(java.lang.Object, java.lang.Object)'> (0x00000000eab23720) 
thrown [s\src\hotspot\share\interpreter\linkResolver.cpp, line 759]
Event: 1.721 Thread 0x0000026c7ef98be0 Exception <a 'java/lang/NoSuchMethodError'{0x00000000eac8f840}: 'void java.lang.invoke.DirectMethodHandle$Holder.invokeSpecial(java.lang.Object, java.lang.Object, java.lang.Object)'> (0x00000000eac8f840) 
thrown [s\src\hotspot\share\interpreter\linkResolver.cpp, line 759]

VM Operations (10 events):
Event: 0.214 Executing VM operation: HandshakeAllThreads
Event: 0.214 Executing VM operation: HandshakeAllThreads done
Event: 0.971 Executing VM operation: HandshakeAllThreads
Event: 0.971 Executing VM operation: HandshakeAllThreads done
Event: 1.011 Executing VM operation: HandshakeAllThreads
Event: 1.012 Executing VM operation: HandshakeAllThreads done
Event: 1.379 Executing VM operation: ICBufferFull
Event: 1.381 Executing VM operation: ICBufferFull done
Event: 1.592 Executing VM operation: ParallelGCFailedAllocation
Event: 1.613 Executing VM operation: ParallelGCFailedAllocation done

Events (12 events):
Event: 0.054 Thread 0x0000026c7ef98be0 Thread added: 0x0000026c7ef98be0
Event: 0.065 Thread 0x0000026c7f1f5750 Thread added: 0x0000026c7f1f5750
Event: 0.066 Thread 0x0000026c7f1f7fe0 Thread added: 0x0000026c7f1f7fe0
Event: 0.093 Thread 0x0000026c7f224030 Thread added: 0x0000026c7f224030
Event: 0.093 Thread 0x0000026c7f224dc0 Thread added: 0x0000026c7f224dc0
Event: 0.093 Thread 0x0000026c7f227d70 Thread added: 0x0000026c7f227d70
Event: 0.093 Thread 0x0000026c7f22a660 Thread added: 0x0000026c7f22a660
Event: 0.094 Thread 0x0000026c7f22b260 Thread added: 0x0000026c7f22b260
Event: 0.094 Thread 0x0000026c7f22f850 Thread added: 0x0000026c7f22f850
Event: 0.095 Thread 0x0000026c7f248130 Thread added: 0x0000026c7f248130
Event: 0.175 Thread 0x0000026c18e85ff0 Thread added: 0x0000026c18e85ff0
Event: 0.671 Thread 0x0000026c19069490 Thread added: 0x0000026c19069490


Dynamic libraries:
0x00007ff6772a0000 - 0x00007ff6772ae000 	c:\Users\User\.vscode\extensions\redhat.java-1.35.1-win32-x64\jre\17.0.12-win32-x86_64\bin\java.exe
0x00007ff9175f0000 - 0x00007ff9177e8000 	C:\WINDOWS\SYSTEM32\ntdll.dll
0x00007ff9165d0000 - 0x00007ff91668d000 	C:\WINDOWS\System32\KERNEL32.DLL
0x00007ff915000000 - 0x00007ff9152f6000 	C:\WINDOWS\System32\KERNELBASE.dll
0x00007ff914d70000 - 0x00007ff914e70000 	C:\WINDOWS\System32\ucrtbase.dll
0x00007ff906e20000 - 0x00007ff906e37000 	c:\Users\User\.vscode\extensions\redhat.java-1.35.1-win32-x64\jre\17.0.12-win32-x86_64\bin\jli.dll
0x00007ff915b40000 - 0x00007ff915cde000 	C:\WINDOWS\System32\USER32.dll
0x00007ff914d40000 - 0x00007ff914d62000 	C:\WINDOWS\System32\win32u.dll
0x00007ff917580000 - 0x00007ff9175ab000 	C:\WINDOWS\System32\GDI32.dll
0x00007ff915300000 - 0x00007ff915417000 	C:\WINDOWS\System32\gdi32full.dll
0x00007ff914ca0000 - 0x00007ff914d3d000 	C:\WINDOWS\System32\msvcp_win.dll
0x00007ff906ab0000 - 0x00007ff906acb000 	c:\Users\User\.vscode\extensions\redhat.java-1.35.1-win32-x64\jre\17.0.12-win32-x86_64\bin\VCRUNTIME140.dll
0x00007ff8fee70000 - 0x00007ff8ff10a000 	C:\WINDOWS\WinSxS\amd64_microsoft.windows.common-controls_6595b64144ccf1df_6.0.19041.3636_none_60b6a03d71f818d5\COMCTL32.dll
0x00007ff9166f0000 - 0x00007ff91678e000 	C:\WINDOWS\System32\msvcrt.dll
0x00007ff916a10000 - 0x00007ff916a42000 	C:\WINDOWS\System32\IMM32.DLL
0x00007ff910a90000 - 0x00007ff910a9c000 	c:\Users\User\.vscode\extensions\redhat.java-1.35.1-win32-x64\jre\17.0.12-win32-x86_64\bin\vcruntime140_1.dll
0x00007ff8e1b00000 - 0x00007ff8e1b8d000 	c:\Users\User\.vscode\extensions\redhat.java-1.35.1-win32-x64\jre\17.0.12-win32-x86_64\bin\msvcp140.dll
0x00007ff88ea40000 - 0x00007ff88f6aa000 	c:\Users\User\.vscode\extensions\redhat.java-1.35.1-win32-x64\jre\17.0.12-win32-x86_64\bin\server\jvm.dll
0x00007ff916eb0000 - 0x00007ff916f60000 	C:\WINDOWS\System32\ADVAPI32.dll
0x00007ff915aa0000 - 0x00007ff915b40000 	C:\WINDOWS\System32\sechost.dll
0x00007ff916a60000 - 0x00007ff916b85000 	C:\WINDOWS\System32\RPCRT4.dll
0x00007ff9155f0000 - 0x00007ff915617000 	C:\WINDOWS\System32\bcrypt.dll
0x00007ff916450000 - 0x00007ff9164bb000 	C:\WINDOWS\System32\WS2_32.dll
0x00007ff9141f0000 - 0x00007ff91423b000 	C:\WINDOWS\SYSTEM32\POWRPROF.dll
0x00007ff8f28d0000 - 0x00007ff8f28f7000 	C:\WINDOWS\SYSTEM32\WINMM.dll
0x00007ff9041e0000 - 0x00007ff9041ea000 	C:\WINDOWS\SYSTEM32\VERSION.dll
0x00007ff9140b0000 - 0x00007ff9140c2000 	C:\WINDOWS\SYSTEM32\UMPDC.dll
0x00007ff912b50000 - 0x00007ff912b62000 	C:\WINDOWS\SYSTEM32\kernel.appcore.dll
0x00007ff907a20000 - 0x00007ff907a2a000 	c:\Users\User\.vscode\extensions\redhat.java-1.35.1-win32-x64\jre\17.0.12-win32-x86_64\bin\jimage.dll
0x00007ff8f5d20000 - 0x00007ff8f5f04000 	C:\WINDOWS\SYSTEM32\DBGHELP.DLL
0x00007ff8f5ce0000 - 0x00007ff8f5d14000 	C:\WINDOWS\SYSTEM32\dbgcore.DLL
0x00007ff914f20000 - 0x00007ff914fa2000 	C:\WINDOWS\System32\bcryptPrimitives.dll
0x00007ff9076d0000 - 0x00007ff9076de000 	c:\Users\User\.vscode\extensions\redhat.java-1.35.1-win32-x64\jre\17.0.12-win32-x86_64\bin\instrument.dll
0x00007ff906950000 - 0x00007ff906975000 	c:\Users\User\.vscode\extensions\redhat.java-1.35.1-win32-x64\jre\17.0.12-win32-x86_64\bin\java.dll
0x00007ff9068a0000 - 0x00007ff9068b8000 	c:\Users\User\.vscode\extensions\redhat.java-1.35.1-win32-x64\jre\17.0.12-win32-x86_64\bin\zip.dll
0x00007ff915ce0000 - 0x00007ff91644b000 	C:\WINDOWS\System32\SHELL32.dll
0x00007ff912d50000 - 0x00007ff9134ee000 	C:\WINDOWS\SYSTEM32\windows.storage.dll
0x00007ff915620000 - 0x00007ff915973000 	C:\WINDOWS\System32\combase.dll
0x00007ff9146d0000 - 0x00007ff9146fe000 	C:\WINDOWS\SYSTEM32\Wldp.dll
0x00007ff9168b0000 - 0x00007ff91697d000 	C:\WINDOWS\System32\OLEAUT32.dll
0x00007ff916520000 - 0x00007ff9165cd000 	C:\WINDOWS\System32\SHCORE.dll
0x00007ff916690000 - 0x00007ff9166e5000 	C:\WINDOWS\System32\shlwapi.dll
0x00007ff914bd0000 - 0x00007ff914bf5000 	C:\WINDOWS\SYSTEM32\profapi.dll
0x00007ff906670000 - 0x00007ff906689000 	C:\Users\User\.vscode\extensions\redhat.java-1.35.1-win32-x64\jre\17.0.12-win32-x86_64\bin\net.dll
0x00007ff90e4a0000 - 0x00007ff90e5aa000 	C:\WINDOWS\SYSTEM32\WINHTTP.dll
0x00007ff914430000 - 0x00007ff91449a000 	C:\WINDOWS\system32\mswsock.dll
0x00007ff9060c0000 - 0x00007ff9060d6000 	C:\Users\User\.vscode\extensions\redhat.java-1.35.1-win32-x64\jre\17.0.12-win32-x86_64\bin\nio.dll
0x00007ff9076a0000 - 0x00007ff9076b0000 	c:\Users\User\.vscode\extensions\redhat.java-1.35.1-win32-x64\jre\17.0.12-win32-x86_64\bin\verify.dll

dbghelp: loaded successfully - version: 4.0.5 - missing functions: none
symbol engine: initialized successfully - sym options: 0x614 - pdb path: .;c:\Users\User\.vscode\extensions\redhat.java-1.35.1-win32-x64\jre\17.0.12-win32-x86_64\bin;C:\WINDOWS\SYSTEM32;C:\WINDOWS\WinSxS\amd64_microsoft.windows.common-controls_6595b64144ccf1df_6.0.19041.3636_none_60b6a03d71f818d5;c:\Users\User\.vscode\extensions\redhat.java-1.35.1-win32-x64\jre\17.0.12-win32-x86_64\bin\server

VM Arguments:
jvm_args: --add-modules=ALL-SYSTEM --add-opens=java.base/java.util=ALL-UNNAMED --add-opens=java.base/java.lang=ALL-UNNAMED --add-opens=java.base/sun.nio.fs=ALL-UNNAMED -Declipse.application=org.eclipse.jdt.ls.core.id1 -Dosgi.bundles.defaultStartLevel=4 -Declipse.product=org.eclipse.jdt.ls.core.product -Djava.import.generatesMetadataFilesAtProjectRoot=false -DDetectVMInstallationsJob.disabled=true -Dfile.encoding=utf8 -XX:+UseParallelGC -XX:GCTimeRatio=4 -XX:AdaptiveSizePolicyWeight=90 -Dsun.zip.disableMemoryMapping=true -Xmx1G -Xms100m -Xlog:disable -javaagent:c:\Users\User\.vscode\extensions\redhat.java-1.35.1-win32-x64\lombok\lombok-1.18.33.jar 
java_command: c:\Users\User\.vscode\extensions\redhat.java-1.35.1-win32-x64\server\plugins\org.eclipse.equinox.launcher_1.6.900.v20240613-2009.jar -configuration c:\Users\User\AppData\Roaming\Code\User\globalStorage\redhat.java\1.35.1\config_ss_win -data c:\Users\User\AppData\Roaming\Code\User\workspaceStorage\fe70defd07cba4effc7476f615544032\redhat.java\ss_ws --pipe=\\.\pipe\lsp-6ac2634ec96a97c83157bce101556126-sock
java_class_path (initial): c:\Users\User\.vscode\extensions\redhat.java-1.35.1-win32-x64\server\plugins\org.eclipse.equinox.launcher_1.6.900.v20240613-2009.jar
Launcher Type: SUN_STANDARD

[Global flags]
    uintx AdaptiveSizePolicyWeight                 = 90                                        {product} {command line}
     intx CICompilerCount                          = 3                                         {product} {ergonomic}
    uintx GCTimeRatio                              = 4                                         {product} {command line}
   size_t InitialHeapSize                          = 104857600                                 {product} {command line}
   size_t MaxHeapSize                              = 1073741824                                {product} {command line}
   size_t MaxNewSize                               = 357564416                                 {product} {ergonomic}
   size_t MinHeapDeltaBytes                        = 524288                                    {product} {ergonomic}
   size_t MinHeapSize                              = 104857600                                 {product} {command line}
   size_t NewSize                                  = 34603008                                  {product} {ergonomic}
    uintx NonNMethodCodeHeapSize                   = 5832780                                {pd product} {ergonomic}
    uintx NonProfiledCodeHeapSize                  = 122912730                              {pd product} {ergonomic}
   size_t OldSize                                  = 70254592                                  {product} {ergonomic}
    uintx ProfiledCodeHeapSize                     = 122912730                              {pd product} {ergonomic}
    uintx ReservedCodeCacheSize                    = 251658240                              {pd product} {ergonomic}
     bool SegmentedCodeCache                       = true                                      {product} {ergonomic}
   size_t SoftMaxHeapSize                          = 1073741824                             {manageable} {ergonomic}
     bool UseCompressedClassPointers               = true                           {product lp64_product} {ergonomic}
     bool UseCompressedOops                        = true                           {product lp64_product} {ergonomic}
     bool UseLargePagesIndividualAllocation        = false                                  {pd product} {ergonomic}
     bool UseParallelGC                            = true                                      {product} {command line}

Logging:
Log output configuration:
 #0: stdout all=off uptime,level,tags
 #1: stderr all=off uptime,level,tags

Environment Variables:
PATH=C:\Program Files\Common Files\Oracle\Java\javapath;C:\WINDOWS\system32;C:\WINDOWS;C:\WINDOWS\System32\Wbem;C:\WINDOWS\System32\WindowsPowerShell\v1.0\;C:\WINDOWS\System32\OpenSSH\;C:\Program Files (x86)\Common Files\Autodesk Shared\;C:\Program Files\Microsoft SQL Server\120\Tools\Binn\;C:\Program Files\IBM\SPSS\Statistics\25\JRE\bin;C:\Program Files\Git\cmd;C:\Users\User\AppData\Local\Microsoft\WindowsApps;;C:\Users\User\AppData\Local\Programs\Microsoft VS Code\bin
USERNAME=User
OS=Windows_NT
PROCESSOR_IDENTIFIER=Intel64 Family 6 Model 69 Stepping 1, GenuineIntel
TMP=C:\Users\User\AppData\Local\Temp
TEMP=C:\Users\User\AppData\Local\Temp



Periodic native trim disabled


---------------  S Y S T E M  ---------------

OS:
 Windows 10 , 64 bit Build 19041 (10.0.19041.3636)
OS uptime: 18 days 3:04 hours

CPU: total 4 (initial active 4) (2 cores per cpu, 2 threads per core) family 6 model 69 stepping 1 microcode 0x25, cx8, cmov, fxsr, ht, mmx, sse, sse2, sse3, ssse3, sse4.1, sse4.2, popcnt, lzcnt, tsc, tscinvbit, avx, avx2, aes, erms, clmul, bmi1, bmi2, fma, vzeroupper, clflush
Processor Information for all 4 processors :
  Max Mhz: 2501, Current Mhz: 2501, Mhz Limit: 2501

Memory: 4k page, system-wide physical 3993M (296M free)
TotalPageFile size 16281M (AvailPageFile size 7M)
current process WorkingSet (physical memory assigned to process): 77M, peak: 77M
current process commit charge ("private bytes"): 187M, peak: 188M

vm_info: OpenJDK 64-Bit Server VM (17.0.12+7) for windows-amd64 JRE (17.0.12+7), built on Jul 16 2024 22:08:24 by "admin" with MS VC++ 16.10 / 16.11 (VS2019)

END.
